[debug] [2025-07-17T04:14:30.712Z] ----------------------------------------------------------------------
[debug] [2025-07-17T04:14:30.715Z] Command:       C:\Program Files\nodejs\node.exe C:\Users\ELECOMP\AppData\Roaming\npm\node_modules\firebase-tools\lib\bin\firebase.js init
[debug] [2025-07-17T04:14:30.716Z] CLI Version:   14.11.0
[debug] [2025-07-17T04:14:30.716Z] Platform:      win32
[debug] [2025-07-17T04:14:30.716Z] Node Version:  v22.13.1
[debug] [2025-07-17T04:14:30.716Z] Time:          Wed Jul 16 2025 21:14:30 GMT-0700 (Pacific Daylight Time)
[debug] [2025-07-17T04:14:30.717Z] ----------------------------------------------------------------------
[debug] 
[debug] [2025-07-17T04:14:30.724Z] > command requires scopes: ["email","openid","https://www.googleapis.com/auth/cloudplatformprojects.readonly","https://www.googleapis.com/auth/firebase","https://www.googleapis.com/auth/cloud-platform"]
[debug] [2025-07-17T04:14:30.724Z] > authorizing via signed-in user (artificialxflow@gmail.com)
[info] 
     ######## #### ########  ######## ########     ###     ######  ########
     ##        ##  ##     ## ##       ##     ##  ##   ##  ##       ##
     ######    ##  ########  ######   ########  #########  ######  ######
     ##        ##  ##    ##  ##       ##     ## ##     ##       ## ##
     ##       #### ##     ## ######## ########  ##     ##  ######  ########

You're about to initialize a Firebase project in this directory:

  E:\projects\vscode-project\razedel

[debug] [2025-07-17T04:14:39.658Z] ExitPromptError: User force closed the prompt with SIGINT
    at Interface.sigint (C:\Users\ELECOMP\AppData\Roaming\npm\node_modules\firebase-tools\node_modules\@inquirer\core\dist\commonjs\lib\create-prompt.js:101:37)
    at Interface.emit (node:events:524:28)
    at Interface.emit (node:domain:489:12)
    at [_ttyWrite] [as _ttyWrite] (node:internal/readline/interface:1124:18)
    at ReadStream.onkeypress (node:internal/readline/interface:263:20)
    at ReadStream.emit (node:events:536:35)
    at ReadStream.emit (node:domain:489:12)
    at emitKeys (node:internal/readline/utils:370:14)
    at emitKeys.next (<anonymous>)
    at ReadStream.onData (node:internal/readline/emitKeypressEvents:64:36)
[error] 
[error] Error: An unexpected error has occurred.
[debug] [2025-07-17T04:14:44.465Z] ----------------------------------------------------------------------
[debug] [2025-07-17T04:14:44.468Z] Command:       C:\Program Files\nodejs\node.exe C:\Users\ELECOMP\AppData\Roaming\npm\node_modules\firebase-tools\lib\bin\firebase.js init
[debug] [2025-07-17T04:14:44.469Z] CLI Version:   14.11.0
[debug] [2025-07-17T04:14:44.469Z] Platform:      win32
[debug] [2025-07-17T04:14:44.469Z] Node Version:  v22.13.1
[debug] [2025-07-17T04:14:44.469Z] Time:          Wed Jul 16 2025 21:14:44 GMT-0700 (Pacific Daylight Time)
[debug] [2025-07-17T04:14:44.469Z] ----------------------------------------------------------------------
[debug] 
[debug] [2025-07-17T04:14:44.477Z] > command requires scopes: ["email","openid","https://www.googleapis.com/auth/cloudplatformprojects.readonly","https://www.googleapis.com/auth/firebase","https://www.googleapis.com/auth/cloud-platform"]
[debug] [2025-07-17T04:14:44.477Z] > authorizing via signed-in user (artificialxflow@gmail.com)
[info] 
     ######## #### ########  ######## ########     ###     ######  ########
     ##        ##  ##     ## ##       ##     ##  ##   ##  ##       ##
     ######    ##  ########  ######   ########  #########  ######  ######
     ##        ##  ##    ##  ##       ##     ## ##     ##       ## ##
     ##       #### ##     ## ######## ########  ##     ##  ######  ########

You're about to initialize a Firebase project in this directory:

  E:\projects\vscode-project\razedel

[info] 
=== Project Setup
[info] 
[info] First, let's associate this project directory with a Firebase project.
[info] You can create multiple project aliases by running firebase use --add, 
[info] but for now we'll just set up a default project.
[info] 
[debug] [2025-07-17T04:14:57.363Z] Checked if tokens are valid: true, expires at: 1752728790610
[debug] [2025-07-17T04:14:57.364Z] Checked if tokens are valid: true, expires at: 1752728790610
[debug] [2025-07-17T04:14:57.367Z] >>> [apiv2][query] GET https://firebase.googleapis.com/v1beta1/projects pageSize=100
[debug] [2025-07-17T04:14:58.274Z] <<< [apiv2][status] GET https://firebase.googleapis.com/v1beta1/projects 200
[debug] [2025-07-17T04:14:58.274Z] <<< [apiv2][body] GET https://firebase.googleapis.com/v1beta1/projects [omitted]
[info] i  Using project razedel-5cbe6 (razedel) 
[info] 
=== Hosting Setup
[debug] [2025-07-17T04:15:00.495Z] Checked if tokens are valid: true, expires at: 1752728790610
[debug] [2025-07-17T04:15:00.495Z] Checked if tokens are valid: true, expires at: 1752728790610
[debug] [2025-07-17T04:15:00.495Z] >>> [apiv2][query] GET https://firebase.googleapis.com/v1beta1/projects/razedel-5cbe6 [none]
[debug] [2025-07-17T04:15:00.861Z] <<< [apiv2][status] GET https://firebase.googleapis.com/v1beta1/projects/razedel-5cbe6 200
[debug] [2025-07-17T04:15:00.862Z] <<< [apiv2][body] GET https://firebase.googleapis.com/v1beta1/projects/razedel-5cbe6 {"projectId":"razedel-5cbe6","projectNumber":"469417441372","displayName":"razedel","name":"projects/razedel-5cbe6","resources":{"hostingSite":"razedel-5cbe6"},"state":"ACTIVE","etag":"1_3fb8fee6-6cd2-4a49-b7ec-564144c0ca38"}
[info] 
[info] Your public directory is the folder (relative to your project directory) that
[info] will contain Hosting assets to be uploaded with firebase deploy. If you
[info] have a build process for your assets, use your build's output directory.
[info] 
